<?xml version="1.0" encoding="utf-8"?><testsuites name="pytest tests"><testsuite name="pytest" errors="0" failures="0" skipped="0" tests="20" time="18.040" timestamp="2026-05-04T19:27:37.389743+00:00" hostname="agent-env-a5312b64-51e3-4a91-a01c-6dc8dca8178e"><testcase classname="backend.tests.backend_test" name="test_health" time="0.203" /><testcase classname="backend.tests.backend_test" name="test_locations_seeded" time="0.092" /><testcase classname="backend.tests.backend_test" name="test_patients_seeded" time="0.082" /><testcase classname="backend.tests.backend_test" name="test_patient_get_by_id" time="0.164" /><testcase classname="backend.tests.backend_test" name="test_patient_get_404" time="0.105" /><testcase classname="backend.tests.backend_test" name="test_patient_create_with_queue_and_persistence" time="0.430" /><testcase classname="backend.tests.backend_test" name="test_patient_patch" time="0.238" /><testcase classname="backend.tests.backend_test" name="test_patient_search_filter" time="0.077" /><testcase classname="backend.tests.backend_test" name="test_patient_location_filter" time="0.184" /><testcase classname="backend.tests.backend_test" name="test_notes_get_and_post" time="0.338" /><testcase classname="backend.tests.backend_test" name="test_documents_get_and_post" time="0.394" /><testcase classname="backend.tests.backend_test" name="test_call_queue_list_enriched" time="0.082" /><testcase classname="backend.tests.backend_test" name="test_call_queue_patch" time="0.255" /><testcase classname="backend.tests.backend_test" name="test_twilio_call_mock" time="0.289" /><testcase classname="backend.tests.backend_test" name="test_calendar_schedule" time="0.179" /><testcase classname="backend.tests.backend_test" name="test_analytics_dashboard" time="0.075" /><testcase classname="backend.tests.backend_test" name="test_analytics_forecast_trend" time="0.097" /><testcase classname="backend.tests.backend_test" name="test_ai_insights" time="0.077" /><testcase classname="backend.tests.backend_test" name="test_ai_predict" time="14.228" /><testcase classname="backend.tests.backend_test" name="test_ai_escalations" time="0.195" /></testsuite></testsuites>