<?xml version="1.0" encoding="utf-8"?><testsuites name="pytest tests"><testsuite name="pytest" errors="0" failures="0" skipped="0" tests="10" time="0.125" timestamp="2026-05-04T23:22:24.575606+00:00" hostname="agent-env-a5312b64-51e3-4a91-a01c-6dc8dca8178e"><testcase classname="backend.tests.backend_test" name="test_default_pipeline_stages" time="0.007" /><testcase classname="backend.tests.backend_test" name="test_list_locations_backfills_stages" time="0.002" /><testcase classname="backend.tests.backend_test" name="test_update_stages_normalises_keys" time="0.006" /><testcase classname="backend.tests.backend_test" name="test_update_stages_rejects_empty" time="0.005" /><testcase classname="backend.tests.backend_test" name="test_update_stages_404_on_missing_location" time="0.002" /><testcase classname="backend.tests.backend_test" name="test_patient_default_stage_is_intake" time="0.009" /><testcase classname="backend.tests.backend_test" name="test_system_integrations_round_trip" time="0.008" /><testcase classname="backend.tests.backend_test" name="test_location_integrations_isolated" time="0.006" /><testcase classname="backend.tests.backend_test" name="test_unknown_provider_rejected" time="0.001" /><testcase classname="backend.tests.backend_test" name="test_delete_location_unscopes_patients" time="0.011" /></testsuite></testsuites>